android/app/build/intermediates/manifest_merge_blame_file/debug/processDebugMainManifest/manifest-merger-blame-debug-report.txt
1<?xml version="1.0" encoding="utf-8"?>
2<manifest xmlns:android="http://schemas.android.com/apk/res/android"
3    package="com.nejoumapp"
4    android:versionCode="1"
5    android:versionName="1.0" >
6
7    <uses-sdk
8        android:minSdkVersion="23"
9        android:targetSdkVersion="34" />
10
11    <uses-permission android:name="android.permission.INTERNET" />
11-->src\main\AndroidManifest.xml:3:5-67
11-->src\main\AndroidManifest.xml:3:22-64
12    <!-- dooboolab -->
13    <uses-permission android:name="android.permission.RECORD_AUDIO" />
13-->[:react-native-audio-recorder-player] AndroidManifest.xml:7:5-71
13-->[:react-native-audio-recorder-player] AndroidManifest.xml:7:22-68
14    <uses-permission android:name="android.permission.WRITE_EXTERNAL_STORAGE" />
14-->[:react-native-audio-recorder-player] AndroidManifest.xml:8:5-81
14-->[:react-native-audio-recorder-player] AndroidManifest.xml:8:22-78
15    <uses-permission android:name="android.permission.READ_EXTERNAL_STORAGE" />
16    <!--
17         Required to keep CPU alive while downloading files
18        (NOT to keep screen awake)
19    -->
20    <uses-permission android:name="android.permission.WAKE_LOCK" />
20-->[:react-native-blob-util] AndroidManifest.xml:14:5-68
20-->[:react-native-blob-util] AndroidManifest.xml:14:22-65
21    <!--
22         Required to poll the state of the network connection
23        and respond to changes
24    -->
25    <uses-permission android:name="android.permission.ACCESS_NETWORK_STATE" /> <!-- Required to check whether Wi-Fi is enabled -->
25-->[:react-native-blob-util] AndroidManifest.xml:20:5-79
25-->[:react-native-blob-util] AndroidManifest.xml:20:22-76
26    <uses-permission android:name="android.permission.ACCESS_WIFI_STATE" /> <!-- Required to to download files without a notification -->
26-->[:react-native-blob-util] AndroidManifest.xml:23:5-76
26-->[:react-native-blob-util] AndroidManifest.xml:23:22-73
27    <uses-permission android:name="android.permission.DOWNLOAD_WITHOUT_NOTIFICATION" />
27-->[:react-native-blob-util] AndroidManifest.xml:32:5-88
27-->[:react-native-blob-util] AndroidManifest.xml:32:22-85
28
29    <queries>
29-->[:react-native-image-crop-picker] AndroidManifest.xml:7:5-11:15
30        <intent>
30-->[:react-native-image-crop-picker] AndroidManifest.xml:8:9-10:18
31            <action android:name="android.media.action.IMAGE_CAPTURE" />
31-->[:react-native-image-crop-picker] AndroidManifest.xml:9:13-73
31-->[:react-native-image-crop-picker] AndroidManifest.xml:9:21-70
32        </intent>
33    </queries>
34
35    <uses-permission android:name="android.permission.USE_BIOMETRIC" />
35-->[:react-native-keychain] AndroidManifest.xml:7:5-72
35-->[:react-native-keychain] AndroidManifest.xml:7:22-69
36    <uses-permission android:name="android.permission.USE_FINGERPRINT" /> <!-- Required to access Google Play Licensing -->
36-->[:react-native-keychain] AndroidManifest.xml:8:5-74
36-->[:react-native-keychain] AndroidManifest.xml:8:22-71
37    <uses-permission android:name="com.android.vending.CHECK_LICENSE" />
37-->[:rn-fetch-blob] AndroidManifest.xml:8:5-73
37-->[:rn-fetch-blob] AndroidManifest.xml:8:22-70
38    <!--
39    This manifest file is used only by Gradle to configure debug-only capabilities
40    for React Native Apps.
41    -->
42    <uses-permission android:name="android.permission.SYSTEM_ALERT_WINDOW" /> <!-- Required by older versions of Google Play services to create IID tokens -->
42-->[com.facebook.react:react-android:0.75.2] AndroidManifest.xml:16:5-78
42-->[com.facebook.react:react-android:0.75.2] AndroidManifest.xml:16:22-75
43    <uses-permission android:name="com.google.android.c2dm.permission.RECEIVE" />
43-->[com.google.android.gms:play-services-iid:17.0.0] AndroidManifest.xml:23:5-82
43-->[com.google.android.gms:play-services-iid:17.0.0] AndroidManifest.xml:23:22-79
44
45    <permission
45-->[androidx.core:core:1.12.0] AndroidManifest.xml:22:5-24:47
46        android:name="com.nejoumapp.DYNAMIC_RECEIVER_NOT_EXPORTED_PERMISSION"
46-->[androidx.core:core:1.12.0] AndroidManifest.xml:23:9-81
47        android:protectionLevel="signature" />
47-->[androidx.core:core:1.12.0] AndroidManifest.xml:24:9-44
48
49    <uses-permission android:name="com.nejoumapp.DYNAMIC_RECEIVER_NOT_EXPORTED_PERMISSION" />
49-->[androidx.core:core:1.12.0] AndroidManifest.xml:26:5-97
49-->[androidx.core:core:1.12.0] AndroidManifest.xml:26:22-94
50    <uses-permission android:name="com.google.android.finsky.permission.BIND_GET_INSTALL_REFERRER_SERVICE" /> <!-- for android -->
50-->[com.android.installreferrer:installreferrer:1.1.2] AndroidManifest.xml:9:5-110
50-->[com.android.installreferrer:installreferrer:1.1.2] AndroidManifest.xml:9:22-107
51    <!-- <uses-permission android:name="com.android.launcher.permission.READ_SETTINGS"/> -->
52    <!-- <uses-permission android:name="com.android.launcher.permission.WRITE_SETTINGS"/> -->
53    <!-- <uses-permission android:name="com.android.launcher.permission.INSTALL_SHORTCUT" /> -->
54    <!-- <uses-permission android:name="com.android.launcher.permission.UNINSTALL_SHORTCUT" /> -->
55    <!-- for Samsung -->
56    <uses-permission android:name="com.sec.android.provider.badge.permission.READ" />
56-->[me.leolin:ShortcutBadger:1.1.22] AndroidManifest.xml:19:5-86
56-->[me.leolin:ShortcutBadger:1.1.22] AndroidManifest.xml:19:22-83
57    <uses-permission android:name="com.sec.android.provider.badge.permission.WRITE" /> <!-- for htc -->
57-->[me.leolin:ShortcutBadger:1.1.22] AndroidManifest.xml:20:5-87
57-->[me.leolin:ShortcutBadger:1.1.22] AndroidManifest.xml:20:22-84
58    <uses-permission android:name="com.htc.launcher.permission.READ_SETTINGS" />
58-->[me.leolin:ShortcutBadger:1.1.22] AndroidManifest.xml:23:5-81
58-->[me.leolin:ShortcutBadger:1.1.22] AndroidManifest.xml:23:22-78
59    <uses-permission android:name="com.htc.launcher.permission.UPDATE_SHORTCUT" /> <!-- for sony -->
59-->[me.leolin:ShortcutBadger:1.1.22] AndroidManifest.xml:24:5-83
59-->[me.leolin:ShortcutBadger:1.1.22] AndroidManifest.xml:24:22-80
60    <uses-permission android:name="com.sonyericsson.home.permission.BROADCAST_BADGE" />
60-->[me.leolin:ShortcutBadger:1.1.22] AndroidManifest.xml:27:5-88
60-->[me.leolin:ShortcutBadger:1.1.22] AndroidManifest.xml:27:22-85
61    <uses-permission android:name="com.sonymobile.home.permission.PROVIDER_INSERT_BADGE" /> <!-- for apex -->
61-->[me.leolin:ShortcutBadger:1.1.22] AndroidManifest.xml:28:5-92
61-->[me.leolin:ShortcutBadger:1.1.22] AndroidManifest.xml:28:22-89
62    <uses-permission android:name="com.anddoes.launcher.permission.UPDATE_COUNT" /> <!-- for solid -->
62-->[me.leolin:ShortcutBadger:1.1.22] AndroidManifest.xml:31:5-84
62-->[me.leolin:ShortcutBadger:1.1.22] AndroidManifest.xml:31:22-81
63    <uses-permission android:name="com.majeur.launcher.permission.UPDATE_BADGE" /> <!-- for huawei -->
63-->[me.leolin:ShortcutBadger:1.1.22] AndroidManifest.xml:34:5-83
63-->[me.leolin:ShortcutBadger:1.1.22] AndroidManifest.xml:34:22-80
64    <uses-permission android:name="com.huawei.android.launcher.permission.CHANGE_BADGE" />
64-->[me.leolin:ShortcutBadger:1.1.22] AndroidManifest.xml:37:5-91
64-->[me.leolin:ShortcutBadger:1.1.22] AndroidManifest.xml:37:22-88
65    <uses-permission android:name="com.huawei.android.launcher.permission.READ_SETTINGS" />
65-->[me.leolin:ShortcutBadger:1.1.22] AndroidManifest.xml:38:5-92
65-->[me.leolin:ShortcutBadger:1.1.22] AndroidManifest.xml:38:22-89
66    <uses-permission android:name="com.huawei.android.launcher.permission.WRITE_SETTINGS" /> <!-- for ZUK -->
66-->[me.leolin:ShortcutBadger:1.1.22] AndroidManifest.xml:39:5-93
66-->[me.leolin:ShortcutBadger:1.1.22] AndroidManifest.xml:39:22-90
67    <uses-permission android:name="android.permission.READ_APP_BADGE" /> <!-- for OPPO -->
67-->[me.leolin:ShortcutBadger:1.1.22] AndroidManifest.xml:42:5-73
67-->[me.leolin:ShortcutBadger:1.1.22] AndroidManifest.xml:42:22-70
68    <uses-permission android:name="com.oppo.launcher.permission.READ_SETTINGS" />
68-->[me.leolin:ShortcutBadger:1.1.22] AndroidManifest.xml:45:5-82
68-->[me.leolin:ShortcutBadger:1.1.22] AndroidManifest.xml:45:22-79
69    <uses-permission android:name="com.oppo.launcher.permission.WRITE_SETTINGS" /> <!-- for EvMe -->
69-->[me.leolin:ShortcutBadger:1.1.22] AndroidManifest.xml:46:5-83
69-->[me.leolin:ShortcutBadger:1.1.22] AndroidManifest.xml:46:22-80
70    <uses-permission android:name="me.everything.badger.permission.BADGE_COUNT_READ" />
70-->[me.leolin:ShortcutBadger:1.1.22] AndroidManifest.xml:49:5-88
70-->[me.leolin:ShortcutBadger:1.1.22] AndroidManifest.xml:49:22-85
71    <uses-permission android:name="me.everything.badger.permission.BADGE_COUNT_WRITE" />
71-->[me.leolin:ShortcutBadger:1.1.22] AndroidManifest.xml:50:5-89
71-->[me.leolin:ShortcutBadger:1.1.22] AndroidManifest.xml:50:22-86
72
73    <application
73-->src\main\AndroidManifest.xml:5:5-25:19
74        android:name="com.nejoumapp.MainApplication"
74-->src\main\AndroidManifest.xml:6:7-38
75        android:allowBackup="false"
75-->src\main\AndroidManifest.xml:10:7-34
76        android:appComponentFactory="androidx.core.app.CoreComponentFactory"
76-->[androidx.core:core:1.12.0] AndroidManifest.xml:28:18-86
77        android:debuggable="true"
78        android:extractNativeLibs="false"
79        android:icon="@mipmap/ic_launcher"
79-->src\main\AndroidManifest.xml:8:7-41
80        android:label="@string/app_name"
80-->src\main\AndroidManifest.xml:7:7-39
81        android:roundIcon="@mipmap/ic_launcher_round"
81-->src\main\AndroidManifest.xml:9:7-52
82        android:supportsRtl="true"
82-->src\main\AndroidManifest.xml:12:7-33
83        android:theme="@style/AppTheme" >
83-->src\main\AndroidManifest.xml:11:7-38
84        <activity
84-->src\main\AndroidManifest.xml:13:7-24:18
85            android:name="com.nejoumapp.MainActivity"
85-->src\main\AndroidManifest.xml:14:9-37
86            android:configChanges="keyboard|keyboardHidden|orientation|screenLayout|screenSize|smallestScreenSize|uiMode"
86-->src\main\AndroidManifest.xml:16:9-118
87            android:exported="true"
87-->src\main\AndroidManifest.xml:19:9-32
88            android:label="@string/app_name"
88-->src\main\AndroidManifest.xml:15:9-41
89            android:launchMode="singleTask"
89-->src\main\AndroidManifest.xml:17:9-40
90            android:windowSoftInputMode="adjustResize" >
90-->src\main\AndroidManifest.xml:18:9-51
91            <intent-filter>
91-->src\main\AndroidManifest.xml:20:9-23:25
92                <action android:name="android.intent.action.MAIN" />
92-->src\main\AndroidManifest.xml:21:13-65
92-->src\main\AndroidManifest.xml:21:21-62
93
94                <category android:name="android.intent.category.LAUNCHER" />
94-->src\main\AndroidManifest.xml:22:13-73
94-->src\main\AndroidManifest.xml:22:23-70
95            </intent-filter>
96        </activity>
97
98        <provider
98-->[:react-native-webview] AndroidManifest.xml:8:9-16:20
99            android:name="com.reactnativecommunity.webview.RNCWebViewFileProvider"
99-->[:react-native-webview] AndroidManifest.xml:9:13-83
100            android:authorities="com.nejoumapp.fileprovider"
100-->[:react-native-webview] AndroidManifest.xml:10:13-64
101            android:exported="false"
101-->[:react-native-webview] AndroidManifest.xml:11:13-37
102            android:grantUriPermissions="true" >
102-->[:react-native-webview] AndroidManifest.xml:12:13-47
103            <meta-data
103-->[:react-native-webview] AndroidManifest.xml:13:13-15:63
104                android:name="android.support.FILE_PROVIDER_PATHS"
104-->[:react-native-webview] AndroidManifest.xml:14:17-67
105                android:resource="@xml/file_provider_paths" />
105-->[:react-native-webview] AndroidManifest.xml:15:17-60
106        </provider>
107        <provider
107-->[:react-native-blob-util] AndroidManifest.xml:35:9-43:20
108            android:name="com.ReactNativeBlobUtil.Utils.FileProvider"
108-->[:react-native-blob-util] AndroidManifest.xml:36:13-70
109            android:authorities="com.nejoumapp.provider"
109-->[:react-native-blob-util] AndroidManifest.xml:37:13-60
110            android:exported="false"
110-->[:react-native-blob-util] AndroidManifest.xml:38:13-37
111            android:grantUriPermissions="true" >
111-->[:react-native-blob-util] AndroidManifest.xml:39:13-47
112            <meta-data
112-->[:react-native-webview] AndroidManifest.xml:13:13-15:63
113                android:name="android.support.FILE_PROVIDER_PATHS"
113-->[:react-native-webview] AndroidManifest.xml:14:17-67
114                android:resource="@xml/provider_paths" />
114-->[:react-native-webview] AndroidManifest.xml:15:17-60
115        </provider>
116        <provider
116-->[:react-native-image-crop-picker] AndroidManifest.xml:16:9-24:20
117            android:name="com.reactnative.ivpusic.imagepicker.IvpusicImagePickerFileProvider"
117-->[:react-native-image-crop-picker] AndroidManifest.xml:17:13-94
118            android:authorities="com.nejoumapp.provider"
118-->[:react-native-image-crop-picker] AndroidManifest.xml:18:13-60
119            android:exported="false"
119-->[:react-native-image-crop-picker] AndroidManifest.xml:19:13-37
120            android:grantUriPermissions="true" >
120-->[:react-native-image-crop-picker] AndroidManifest.xml:20:13-47
121            <meta-data
121-->[:react-native-webview] AndroidManifest.xml:13:13-15:63
122                android:name="android.support.FILE_PROVIDER_PATHS"
122-->[:react-native-webview] AndroidManifest.xml:14:17-67
123                android:resource="@xml/ivpusic_imagepicker_provider_paths" />
123-->[:react-native-webview] AndroidManifest.xml:15:17-60
124        </provider>
125
126        <activity
126-->[:react-native-image-crop-picker] AndroidManifest.xml:26:9-28:72
127            android:name="com.yalantis.ucrop.UCropActivity"
127-->[:react-native-image-crop-picker] AndroidManifest.xml:27:13-60
128            android:theme="@style/Theme.AppCompat.Light.NoActionBar" />
128-->[:react-native-image-crop-picker] AndroidManifest.xml:28:13-69
129
130        <provider
130-->[:react-native-image-picker] AndroidManifest.xml:8:9-16:20
131            android:name="com.imagepicker.ImagePickerProvider"
131-->[:react-native-image-picker] AndroidManifest.xml:9:13-63
132            android:authorities="com.nejoumapp.imagepickerprovider"
132-->[:react-native-image-picker] AndroidManifest.xml:10:13-71
133            android:exported="false"
133-->[:react-native-image-picker] AndroidManifest.xml:11:13-37
134            android:grantUriPermissions="true" >
134-->[:react-native-image-picker] AndroidManifest.xml:12:13-47
135            <meta-data
135-->[:react-native-webview] AndroidManifest.xml:13:13-15:63
136                android:name="android.support.FILE_PROVIDER_PATHS"
136-->[:react-native-webview] AndroidManifest.xml:14:17-67
137                android:resource="@xml/imagepicker_provider_paths" />
137-->[:react-native-webview] AndroidManifest.xml:15:17-60
138        </provider> <!-- A proxy-service that gives the library an opportunity to do some work before launching/resuming the actual application task. -->
139        <service android:name="com.wix.reactnativenotifications.core.ProxyService" />
139-->[:react-native-notifications] AndroidManifest.xml:10:9-86
139-->[:react-native-notifications] AndroidManifest.xml:10:18-83
140        <service
140-->[:react-native-notifications] AndroidManifest.xml:11:9-18:19
141            android:name="com.wix.reactnativenotifications.fcm.FcmInstanceIdListenerService"
141-->[:react-native-notifications] AndroidManifest.xml:12:13-93
142            android:exported="true" >
142-->[:react-native-notifications] AndroidManifest.xml:13:13-36
143            <intent-filter>
143-->[:react-native-notifications] AndroidManifest.xml:14:13-17:29
144                <action android:name="com.google.firebase.MESSAGING_EVENT" />
144-->[:react-native-notifications] AndroidManifest.xml:15:17-78
144-->[:react-native-notifications] AndroidManifest.xml:15:25-75
145                <action android:name="com.google.firebase.INSTANCE_ID_EVENT" />
145-->[:react-native-notifications] AndroidManifest.xml:16:17-80
145-->[:react-native-notifications] AndroidManifest.xml:16:25-77
146            </intent-filter>
147        </service>
148        <service
148-->[:react-native-notifications] AndroidManifest.xml:19:9-22:72
149            android:name="com.wix.reactnativenotifications.fcm.FcmInstanceIdRefreshHandlerService"
149-->[:react-native-notifications] AndroidManifest.xml:20:13-99
150            android:exported="false"
150-->[:react-native-notifications] AndroidManifest.xml:21:13-37
151            android:permission="android.permission.BIND_JOB_SERVICE" />
151-->[:react-native-notifications] AndroidManifest.xml:22:13-69
152
153        <provider
153-->[:react-native-share] AndroidManifest.xml:8:9-16:20
154            android:name="cl.json.RNShareFileProvider"
154-->[:react-native-share] AndroidManifest.xml:9:13-55
155            android:authorities="com.nejoumapp.rnshare.fileprovider"
155-->[:react-native-share] AndroidManifest.xml:10:13-72
156            android:exported="false"
156-->[:react-native-share] AndroidManifest.xml:11:13-37
157            android:grantUriPermissions="true" >
157-->[:react-native-share] AndroidManifest.xml:12:13-47
158            <meta-data
158-->[:react-native-webview] AndroidManifest.xml:13:13-15:63
159                android:name="android.support.FILE_PROVIDER_PATHS"
159-->[:react-native-webview] AndroidManifest.xml:14:17-67
160                android:resource="@xml/share_download_paths" />
160-->[:react-native-webview] AndroidManifest.xml:15:17-60
161        </provider>
162        <provider
162-->[:rn-fetch-blob] AndroidManifest.xml:32:9-40:20
163            android:name="com.RNFetchBlob.Utils.FileProvider"
163-->[:rn-fetch-blob] AndroidManifest.xml:33:13-62
164            android:authorities="com.nejoumapp.provider"
164-->[:rn-fetch-blob] AndroidManifest.xml:34:13-60
165            android:exported="false"
165-->[:rn-fetch-blob] AndroidManifest.xml:35:13-37
166            android:grantUriPermissions="true" >
166-->[:rn-fetch-blob] AndroidManifest.xml:36:13-47
167            <meta-data
167-->[:react-native-webview] AndroidManifest.xml:13:13-15:63
168                android:name="android.support.FILE_PROVIDER_PATHS"
168-->[:react-native-webview] AndroidManifest.xml:14:17-67
169                android:resource="@xml/provider_paths" />
169-->[:react-native-webview] AndroidManifest.xml:15:17-60
170        </provider>
171
172        <activity
172-->[com.facebook.react:react-android:0.75.2] AndroidManifest.xml:19:9-21:40
173            android:name="com.facebook.react.devsupport.DevSettingsActivity"
173-->[com.facebook.react:react-android:0.75.2] AndroidManifest.xml:20:13-77
174            android:exported="false" />
174-->[com.facebook.react:react-android:0.75.2] AndroidManifest.xml:21:13-37
175
176        <meta-data
176-->[com.github.bumptech.glide:okhttp3-integration:4.12.0] AndroidManifest.xml:11:9-13:43
177            android:name="com.bumptech.glide.integration.okhttp3.OkHttpGlideModule"
177-->[com.github.bumptech.glide:okhttp3-integration:4.12.0] AndroidManifest.xml:12:13-84
178            android:value="GlideModule" />
178-->[com.github.bumptech.glide:okhttp3-integration:4.12.0] AndroidManifest.xml:13:13-40
179
180        <activity
180-->[com.google.android.gms:play-services-base:17.0.0] AndroidManifest.xml:23:9-26:75
181            android:name="com.google.android.gms.common.api.GoogleApiActivity"
181-->[com.google.android.gms:play-services-base:17.0.0] AndroidManifest.xml:24:13-79
182            android:exported="false"
182-->[com.google.android.gms:play-services-base:17.0.0] AndroidManifest.xml:25:13-37
183            android:theme="@android:style/Theme.Translucent.NoTitleBar" />
183-->[com.google.android.gms:play-services-base:17.0.0] AndroidManifest.xml:26:13-72
184
185        <receiver
185-->[com.google.firebase:firebase-messaging:21.1.0] AndroidManifest.xml:28:9-35:20
186            android:name="com.google.firebase.iid.FirebaseInstanceIdReceiver"
186-->[com.google.firebase:firebase-messaging:21.1.0] AndroidManifest.xml:29:13-78
187            android:exported="true"
187-->[com.google.firebase:firebase-messaging:21.1.0] AndroidManifest.xml:30:13-36
188            android:permission="com.google.android.c2dm.permission.SEND" >
188-->[com.google.firebase:firebase-messaging:21.1.0] AndroidManifest.xml:31:13-73
189            <intent-filter>
189-->[com.google.firebase:firebase-messaging:21.1.0] AndroidManifest.xml:32:13-34:29
190                <action android:name="com.google.android.c2dm.intent.RECEIVE" />
190-->[com.google.firebase:firebase-messaging:21.1.0] AndroidManifest.xml:33:17-81
190-->[com.google.firebase:firebase-messaging:21.1.0] AndroidManifest.xml:33:25-78
191            </intent-filter>
192        </receiver>
193        <!--
194             FirebaseMessagingService performs security checks at runtime,
195             but set to not exported to explicitly avoid allowing another app to call it.
196        -->
197        <service
197-->[com.google.firebase:firebase-messaging:21.1.0] AndroidManifest.xml:41:9-48:19
198            android:name="com.google.firebase.messaging.FirebaseMessagingService"
198-->[com.google.firebase:firebase-messaging:21.1.0] AndroidManifest.xml:42:13-82
199            android:directBootAware="true"
199-->[com.google.firebase:firebase-messaging:21.1.0] AndroidManifest.xml:43:13-43
200            android:exported="false" >
200-->[com.google.firebase:firebase-messaging:21.1.0] AndroidManifest.xml:44:13-37
201            <intent-filter android:priority="-500" >
201-->[com.google.firebase:firebase-messaging:21.1.0] AndroidManifest.xml:45:13-47:29
201-->[com.google.firebase:firebase-messaging:21.1.0] AndroidManifest.xml:45:28-51
202                <action android:name="com.google.firebase.MESSAGING_EVENT" />
202-->[:react-native-notifications] AndroidManifest.xml:15:17-78
202-->[:react-native-notifications] AndroidManifest.xml:15:25-75
203            </intent-filter>
204        </service>
205        <service
205-->[com.google.firebase:firebase-messaging:21.1.0] AndroidManifest.xml:49:9-55:19
206            android:name="com.google.firebase.components.ComponentDiscoveryService"
206-->[com.google.firebase:firebase-messaging:21.1.0] AndroidManifest.xml:50:13-84
207            android:directBootAware="true"
207-->[com.google.firebase:firebase-common:19.5.0] AndroidManifest.xml:35:13-43
208            android:exported="false" >
208-->[com.google.firebase:firebase-messaging:21.1.0] AndroidManifest.xml:51:13-37
209            <meta-data
209-->[com.google.firebase:firebase-messaging:21.1.0] AndroidManifest.xml:52:13-54:85
210                android:name="com.google.firebase.components:com.google.firebase.messaging.FirebaseMessagingRegistrar"
210-->[com.google.firebase:firebase-messaging:21.1.0] AndroidManifest.xml:53:17-119
211                android:value="com.google.firebase.components.ComponentRegistrar" />
211-->[com.google.firebase:firebase-messaging:21.1.0] AndroidManifest.xml:54:17-82
212            <meta-data
212-->[com.google.firebase:firebase-iid:21.1.0] AndroidManifest.xml:32:13-34:85
213                android:name="com.google.firebase.components:com.google.firebase.iid.Registrar"
213-->[com.google.firebase:firebase-iid:21.1.0] AndroidManifest.xml:33:17-96
214                android:value="com.google.firebase.components.ComponentRegistrar" />
214-->[com.google.firebase:firebase-iid:21.1.0] AndroidManifest.xml:34:17-82
215            <meta-data
215-->[com.google.firebase:firebase-datatransport:17.0.10] AndroidManifest.xml:28:13-30:85
216                android:name="com.google.firebase.components:com.google.firebase.datatransport.TransportRegistrar"
216-->[com.google.firebase:firebase-datatransport:17.0.10] AndroidManifest.xml:29:17-115
217                android:value="com.google.firebase.components.ComponentRegistrar" />
217-->[com.google.firebase:firebase-datatransport:17.0.10] AndroidManifest.xml:30:17-82
218            <meta-data
218-->[com.google.firebase:firebase-installations:16.3.5] AndroidManifest.xml:18:13-20:85
219                android:name="com.google.firebase.components:com.google.firebase.installations.FirebaseInstallationsRegistrar"
219-->[com.google.firebase:firebase-installations:16.3.5] AndroidManifest.xml:19:17-127
220                android:value="com.google.firebase.components.ComponentRegistrar" />
220-->[com.google.firebase:firebase-installations:16.3.5] AndroidManifest.xml:20:17-82
221            <!--
222                This registrar is not defined in the dynamic-module-support sdk itself to allow non-firebase
223                clients to use it as well, by defining this registrar in their own core/common library.
224            -->
225            <meta-data
225-->[com.google.firebase:firebase-common:19.5.0] AndroidManifest.xml:43:13-45:85
226                android:name="com.google.firebase.components:com.google.firebase.dynamicloading.DynamicLoadingRegistrar"
226-->[com.google.firebase:firebase-common:19.5.0] AndroidManifest.xml:44:17-121
227                android:value="com.google.firebase.components.ComponentRegistrar" />
227-->[com.google.firebase:firebase-common:19.5.0] AndroidManifest.xml:45:17-82
228        </service>
229
230        <provider
230-->[com.google.firebase:firebase-common:19.5.0] AndroidManifest.xml:26:9-31:39
231            android:name="com.google.firebase.provider.FirebaseInitProvider"
231-->[com.google.firebase:firebase-common:19.5.0] AndroidManifest.xml:27:13-77
232            android:authorities="com.nejoumapp.firebaseinitprovider"
232-->[com.google.firebase:firebase-common:19.5.0] AndroidManifest.xml:28:13-72
233            android:directBootAware="true"
233-->[com.google.firebase:firebase-common:19.5.0] AndroidManifest.xml:29:13-43
234            android:exported="false"
234-->[com.google.firebase:firebase-common:19.5.0] AndroidManifest.xml:30:13-37
235            android:initOrder="100" />
235-->[com.google.firebase:firebase-common:19.5.0] AndroidManifest.xml:31:13-36
236
237        <meta-data
237-->[com.google.android.gms:play-services-basement:17.0.0] AndroidManifest.xml:23:9-25:69
238            android:name="com.google.android.gms.version"
238-->[com.google.android.gms:play-services-basement:17.0.0] AndroidManifest.xml:24:13-58
239            android:value="@integer/google_play_services_version" />
239-->[com.google.android.gms:play-services-basement:17.0.0] AndroidManifest.xml:25:13-66
240
241        <provider
241-->[androidx.emoji2:emoji2:1.2.0] AndroidManifest.xml:24:9-32:20
242            android:name="androidx.startup.InitializationProvider"
242-->[androidx.emoji2:emoji2:1.2.0] AndroidManifest.xml:25:13-67
243            android:authorities="com.nejoumapp.androidx-startup"
243-->[androidx.emoji2:emoji2:1.2.0] AndroidManifest.xml:26:13-68
244            android:exported="false" >
244-->[androidx.emoji2:emoji2:1.2.0] AndroidManifest.xml:27:13-37
245            <meta-data
245-->[androidx.emoji2:emoji2:1.2.0] AndroidManifest.xml:29:13-31:52
246                android:name="androidx.emoji2.text.EmojiCompatInitializer"
246-->[androidx.emoji2:emoji2:1.2.0] AndroidManifest.xml:30:17-75
247                android:value="androidx.startup" />
247-->[androidx.emoji2:emoji2:1.2.0] AndroidManifest.xml:31:17-49
248            <meta-data
248-->[androidx.lifecycle:lifecycle-process:2.4.1] AndroidManifest.xml:31:13-33:52
249                android:name="androidx.lifecycle.ProcessLifecycleInitializer"
249-->[androidx.lifecycle:lifecycle-process:2.4.1] AndroidManifest.xml:32:17-78
250                android:value="androidx.startup" />
250-->[androidx.lifecycle:lifecycle-process:2.4.1] AndroidManifest.xml:33:17-49
251        </provider>
252
253        <service
253-->[com.google.android.datatransport:transport-backend-cct:2.3.3] AndroidManifest.xml:29:9-35:19
254            android:name="com.google.android.datatransport.runtime.backends.TransportBackendDiscovery"
254-->[com.google.android.datatransport:transport-backend-cct:2.3.3] AndroidManifest.xml:30:13-103
255            android:exported="false" >
255-->[com.google.android.datatransport:transport-backend-cct:2.3.3] AndroidManifest.xml:31:13-37
256            <meta-data
256-->[com.google.android.datatransport:transport-backend-cct:2.3.3] AndroidManifest.xml:32:13-34:39
257                android:name="backend:com.google.android.datatransport.cct.CctBackendFactory"
257-->[com.google.android.datatransport:transport-backend-cct:2.3.3] AndroidManifest.xml:33:17-94
258                android:value="cct" />
258-->[com.google.android.datatransport:transport-backend-cct:2.3.3] AndroidManifest.xml:34:17-36
259        </service>
260        <service
260-->[com.google.android.datatransport:transport-runtime:2.2.5] AndroidManifest.xml:26:9-30:19
261            android:name="com.google.android.datatransport.runtime.scheduling.jobscheduling.JobInfoSchedulerService"
261-->[com.google.android.datatransport:transport-runtime:2.2.5] AndroidManifest.xml:27:13-117
262            android:exported="false"
262-->[com.google.android.datatransport:transport-runtime:2.2.5] AndroidManifest.xml:28:13-37
263            android:permission="android.permission.BIND_JOB_SERVICE" >
263-->[com.google.android.datatransport:transport-runtime:2.2.5] AndroidManifest.xml:29:13-69
264        </service>
265
266        <receiver
266-->[com.google.android.datatransport:transport-runtime:2.2.5] AndroidManifest.xml:32:9-34:40
267            android:name="com.google.android.datatransport.runtime.scheduling.jobscheduling.AlarmManagerSchedulerBroadcastReceiver"
267-->[com.google.android.datatransport:transport-runtime:2.2.5] AndroidManifest.xml:33:13-132
268            android:exported="false" />
268-->[com.google.android.datatransport:transport-runtime:2.2.5] AndroidManifest.xml:34:13-37
269